<?xml version="1.0" encoding="UTF-8"?>
<testng-results ignored="0" total="2" passed="2" failed="0" skipped="0">
  <reporter-output>
  </reporter-output>
  <suite started-at="2024-04-18T09:12:28 IST" name="Suite" finished-at="2024-04-18T09:12:52 IST" duration-ms="23901">
    <groups>
    </groups>
    <test started-at="2024-04-18T09:12:28 IST" name="Test" finished-at="2024-04-18T09:12:52 IST" duration-ms="23901">
      <class name="tests.LoginTests">
        <test-method is-config="true" signature="classLevelSetup()[pri:0, instance:tests.LoginTests@37b72ea]" started-at="2024-04-18T09:12:29 IST" name="classLevelSetup" finished-at="2024-04-18T09:12:31 IST" duration-ms="2387" status="PASS">
          <reporter-output>
          </reporter-output>
        </test-method> <!-- classLevelSetup -->
        <test-method is-config="true" signature="methodLevelSetup()[pri:0, instance:tests.LoginTests@37b72ea]" started-at="2024-04-18T09:12:31 IST" name="methodLevelSetup" finished-at="2024-04-18T09:12:31 IST" duration-ms="18" status="PASS">
          <reporter-output>
          </reporter-output>
        </test-method> <!-- methodLevelSetup -->
        <test-method signature="validLoginTest(java.lang.reflect.Method)[pri:0, instance:tests.LoginTests@37b72ea]" started-at="2024-04-18T09:12:32 IST" name="validLoginTest" description="Orange Valid Login Test" finished-at="2024-04-18T09:12:52 IST" duration-ms="20162" status="PASS">
          <params>
            <param index="0">
              <value>
                <![CDATA[public void tests.LoginTests.validLoginTest(java.lang.reflect.Method) throws java.lang.InterruptedException]]>
              </value>
            </param>
          </params>
          <reporter-output>
          </reporter-output>
        </test-method> <!-- validLoginTest -->
        <test-method is-config="true" signature="teardown()[pri:0, instance:tests.LoginTests@37b72ea]" started-at="2024-04-18T09:12:52 IST" name="teardown" finished-at="2024-04-18T09:12:52 IST" duration-ms="183" status="PASS">
          <reporter-output>
          </reporter-output>
        </test-method> <!-- teardown -->
      </class> <!-- tests.LoginTests -->
      <class name="tests.SnipeITLoginTest">
        <test-method is-config="true" signature="classLevelSetup()[pri:0, instance:tests.SnipeITLoginTest@66e8997c]" started-at="2024-04-18T09:12:29 IST" name="classLevelSetup" finished-at="2024-04-18T09:12:31 IST" duration-ms="2387" status="PASS">
          <reporter-output>
          </reporter-output>
        </test-method> <!-- classLevelSetup -->
        <test-method is-config="true" signature="methodLevelSetup()[pri:0, instance:tests.SnipeITLoginTest@66e8997c]" started-at="2024-04-18T09:12:31 IST" name="methodLevelSetup" finished-at="2024-04-18T09:12:31 IST" duration-ms="18" status="PASS">
          <reporter-output>
          </reporter-output>
        </test-method> <!-- methodLevelSetup -->
        <test-method signature="validLoginTest(java.lang.reflect.Method)[pri:0, instance:tests.SnipeITLoginTest@66e8997c]" started-at="2024-04-18T09:12:32 IST" name="validLoginTest" description="SnipeIT Login Scenario with valid cred." finished-at="2024-04-18T09:12:45 IST" duration-ms="13008" status="PASS">
          <params>
            <param index="0">
              <value>
                <![CDATA[public void tests.SnipeITLoginTest.validLoginTest(java.lang.reflect.Method) throws java.lang.InterruptedException]]>
              </value>
            </param>
          </params>
          <reporter-output>
          </reporter-output>
        </test-method> <!-- validLoginTest -->
        <test-method is-config="true" signature="teardown()[pri:0, instance:tests.SnipeITLoginTest@66e8997c]" started-at="2024-04-18T09:12:45 IST" name="teardown" finished-at="2024-04-18T09:12:45 IST" duration-ms="246" status="PASS">
          <reporter-output>
          </reporter-output>
        </test-method> <!-- teardown -->
      </class> <!-- tests.SnipeITLoginTest -->
    </test> <!-- Test -->
  </suite> <!-- Suite -->
</testng-results>
